<?xml version="1.0" encoding="UTF-8"?>
<testsuites name="Mocha Tests" time="3.509" tests="1" failures="0">
  <testsuite name="Root Suite" timestamp="2024-12-23T00:07:13" tests="0" file="cypress\e2e\feature\Connexion\InValideConnexion.cy.js" time="0.000" failures="0">
  </testsuite>
  <testsuite name="Invalide Connexion " timestamp="2024-12-23T00:07:13" tests="1" time="3.497" failures="0">
    <testcase name="Invalide Connexion  TC_0:Connexion echouée " time="3.460" classname="TC_0:Connexion echouée ">
    </testcase>
  </testsuite>
</testsuites>