<?xml version="1.0" encoding="UTF-8"?>
<testsuites name="Mocha Tests" time="5.261" tests="1" failures="0">
  <testsuite name="Root Suite" timestamp="2024-12-23T00:07:28" tests="0" file="cypress\e2e\feature\Connexion\ValideConnexion.cy.js" time="0.000" failures="0">
  </testsuite>
  <testsuite name="valide Connexion " timestamp="2024-12-23T00:07:28" tests="1" time="5.254" failures="0">
    <testcase name="valide Connexion  TC_0:Connexion réussi avec  des informations valides" time="5.196" classname="TC_0:Connexion réussi avec  des informations valides">
    </testcase>
  </testsuite>
</testsuites>